<?xml version="1.0" encoding="UTF-8"?>
<testng-results skipped="0" failed="0" total="1" passed="1">
  <reporter-output>
  </reporter-output>
  <suite name="Default suite" duration-ms="4146" started-at="2019-09-21T16:22:14Z" finished-at="2019-09-21T16:22:18Z">
    <groups>
    </groups>
    <test name="Default test" duration-ms="4146" started-at="2019-09-21T16:22:14Z" finished-at="2019-09-21T16:22:18Z">
      <class name="RestAssured.RestAssured.PostMethod">
        <test-method status="PASS" signature="post()[pri:0, instance:RestAssured.RestAssured.PostMethod@c7a4e4]" name="post" duration-ms="4118" started-at="2019-09-21T21:52:14Z" finished-at="2019-09-21T21:52:18Z">
          <reporter-output>
          </reporter-output>
        </test-method> <!-- post -->
      </class> <!-- RestAssured.RestAssured.PostMethod -->
    </test> <!-- Default test -->
  </suite> <!-- Default suite -->
</testng-results>
